<?xml version="1.0" encoding="UTF-8"?>
<testng-results skipped="0" failed="0" ignored="0" total="1" passed="1">
  <reporter-output>
  </reporter-output>
  <suite name="Default suite" duration-ms="15523" started-at="2020-05-09T23:20:16 EDT" finished-at="2020-05-09T23:20:32 EDT">
    <groups>
    </groups>
    <test name="Default test" duration-ms="15523" started-at="2020-05-09T23:20:16 EDT" finished-at="2020-05-09T23:20:32 EDT">
      <class name="com.pncbank.TestCases.TC_AddCustomerTest_003">
        <test-method status="PASS" signature="setup()[pri:0, instance:com.pncbank.TestCases.TC_AddCustomerTest_003@4b1c1ea0]" name="setup" is-config="true" duration-ms="3727" started-at="2020-05-09T23:20:16 EDT" finished-at="2020-05-09T23:20:20 EDT">
          <reporter-output>
          </reporter-output>
        </test-method> <!-- setup -->
        <test-method status="PASS" signature="addNewCustomer()[pri:0, instance:com.pncbank.TestCases.TC_AddCustomerTest_003@4b1c1ea0]" name="addNewCustomer" duration-ms="11764" started-at="2020-05-09T23:20:20 EDT" finished-at="2020-05-09T23:20:32 EDT">
          <reporter-output>
          </reporter-output>
        </test-method> <!-- addNewCustomer -->
      </class> <!-- com.pncbank.TestCases.TC_AddCustomerTest_003 -->
    </test> <!-- Default test -->
  </suite> <!-- Default suite -->
</testng-results>
