<?xml version="1.0" encoding="UTF-8"?>
<testng-results skipped="0" failed="0" ignored="0" total="1" passed="1">
  <reporter-output>
  </reporter-output>
  <suite name="PNC_BANK" duration-ms="16407" started-at="2020-06-12T03:31:30Z" finished-at="2020-06-12T03:31:46Z">
    <groups>
    </groups>
    <test name="BankingApp Test" duration-ms="16407" started-at="2020-06-12T03:31:30Z" finished-at="2020-06-12T03:31:46Z">
      <class name="com.pncbank.TestCases.TC_AddCustomerTest_003">
        <test-method status="PASS" signature="setup(java.lang.String)[pri:0, instance:com.pncbank.TestCases.TC_AddCustomerTest_003@146ba0ac]" name="setup" is-config="true" duration-ms="4949" started-at="2020-06-12T03:31:30Z" finished-at="2020-06-12T03:31:35Z">
          <params>
            <param index="0">
              <value>
                <![CDATA[chrome]]>
              </value>
            </param>
          </params>
          <reporter-output>
          </reporter-output>
        </test-method> <!-- setup -->
        <test-method status="PASS" signature="addNewCustomer()[pri:0, instance:com.pncbank.TestCases.TC_AddCustomerTest_003@146ba0ac]" name="addNewCustomer" duration-ms="10772" started-at="2020-06-12T03:31:35Z" finished-at="2020-06-12T03:31:46Z">
          <reporter-output>
          </reporter-output>
        </test-method> <!-- addNewCustomer -->
        <test-method status="PASS" signature="teardown()[pri:0, instance:com.pncbank.TestCases.TC_AddCustomerTest_003@146ba0ac]" name="teardown" is-config="true" duration-ms="677" started-at="2020-06-12T03:31:46Z" finished-at="2020-06-12T03:31:46Z">
          <reporter-output>
          </reporter-output>
        </test-method> <!-- teardown -->
      </class> <!-- com.pncbank.TestCases.TC_AddCustomerTest_003 -->
    </test> <!-- BankingApp Test -->
  </suite> <!-- PNC_BANK -->
</testng-results>
